<?xml version="1.0" encoding="UTF-8"?>
<!-- Generated by org.testng.reporters.JUnitReportReporter -->
<testsuite hostname="Kyrillos-Nageh" failures="0" tests="2" name="tests.UserCanTweetWithLinkCombineWithPhoto" time="17.271" errors="0" timestamp="2022-07-23T23:42:56 EET" skipped="0">
  <testcase classname="tests.UserCanTweetWithLinkCombineWithPhoto" name="userCanLoginSuccssfully" time="11.653"/>
  <system-out/>
  <testcase classname="tests.UserCanTweetWithLinkCombineWithPhoto" name="userCanTweetWithLinkCombineWithPhoto" time="5.618"/>
  <system-out/>
</testsuite> <!-- tests.UserCanTweetWithLinkCombineWithPhoto -->
