<?xml version="1.0" encoding="UTF-8"?>
<!-- Generated by org.testng.reporters.JUnitReportReporter -->
<testsuite hostname="Kyrillos-Nageh" failures="0" tests="2" name="tests.UserCanNotTweetWithInvalidText" time="36.772" errors="0" timestamp="2022-07-23T23:42:56 EET" skipped="0">
  <testcase classname="tests.UserCanNotTweetWithInvalidText" name="userCanLoginSuccssfully" time="21.526"/>
  <system-out/>
  <testcase classname="tests.UserCanNotTweetWithInvalidText" name="userCanNotTweetWithMoreThan280Chars" time="15.246"/>
  <system-out/>
</testsuite> <!-- tests.UserCanNotTweetWithInvalidText -->
