<?xml version="1.0" encoding="UTF-8"?>
<!-- Generated by org.testng.reporters.JUnitReportReporter -->
<testsuite hostname="Kyrillos-Nageh" failures="0" tests="2" name="tests.UserCanTweetWithValidTextCombineWithPhoto" time="15.567" errors="0" timestamp="2022-07-23T23:42:56 EET" skipped="0">
  <testcase classname="tests.UserCanTweetWithValidTextCombineWithPhoto" name="userCanLoginSuccssfully" time="10.975"/>
  <system-out/>
  <testcase classname="tests.UserCanTweetWithValidTextCombineWithPhoto" name="userCanTweetWithValidTextCombineWithPhoto" time="4.592"/>
  <system-out/>
</testsuite> <!-- tests.UserCanTweetWithValidTextCombineWithPhoto -->
