<?xml version="1.0" encoding="UTF-8"?>
<!-- Generated by org.testng.reporters.JUnitReportReporter -->
<testsuite hostname="Kyrillos-Nageh" failures="0" tests="1" name="tests.UserLoginTest" time="11.554" errors="0" timestamp="2022-07-22T11:18:25 EET" skipped="0">
  <testcase classname="tests.UserLoginTest" name="userCanLoginSuccssfully" time="11.554"/>
  <system-out/>
</testsuite> <!-- tests.UserLoginTest -->
