<?xml version="1.0" encoding="UTF-8"?>
<!-- Generated by org.testng.reporters.JUnitReportReporter -->
<testsuite hostname="Kyrillos-Nageh" failures="0" tests="2" name="tests.UserCanTweetWithValidText" time="26.698" errors="0" timestamp="2022-07-23T23:42:56 EET" skipped="0">
  <testcase classname="tests.UserCanTweetWithValidText" name="userCanLoginSuccssfully" time="19.597"/>
  <system-out/>
  <testcase classname="tests.UserCanTweetWithValidText" name="userCanTweetWithValidText" time="7.101"/>
  <system-out/>
</testsuite> <!-- tests.UserCanTweetWithValidText -->
